#
# There is insufficient memory for the Java Runtime Environment to continue.
# Native memory allocation (mmap) failed to map 134217728 bytes for Failed to commit area from 0x00000000d1200000 to 0x00000000d9200000 of length 134217728.
# Possible reasons:
#   The system is out of physical RAM or swap space
#   The process is running with CompressedOops enabled, and the Java Heap may be blocking the growth of the native heap
# Possible solutions:
#   Reduce memory load on the system
#   Increase physical memory or swap space
#   Check if swap backing store is full
#   Decrease Java heap size (-Xmx/-Xms)
#   Decrease number of Java threads
#   Decrease Java thread stack sizes (-Xss)
#   Set larger code cache with -XX:ReservedCodeCacheSize=
# This output file may be truncated or incomplete.
#
#  Out of Memory Error (src/hotspot/os/windows/os_windows.cpp:3627), pid=10372, tid=1824
#
# JRE version:  (11.0.15+10) (build )
# Java VM: OpenJDK 64-Bit Server VM (11.0.15+10-b2043.56, mixed mode, sharing, tiered, compressed oops, g1 gc, windows-amd64)
# No core dump will be written. Minidumps are not enabled by default on client versions of Windows
#

---------------  S U M M A R Y ------------

Command Line: -Djava.rmi.server.hostname=127.0.0.1 -Duser.timezone=UTC -Xmx750m -Xms128m -Dfile.encoding=UTF-8 com.intellij.database.remote.RemoteJdbcServer com.mysql.cj.jdbc.Driver

Host: AMD Athlon 3000G with Radeon Vega Graphics     , 4 cores, 5G,  Windows 10 , 64 bit Build 19041 (10.0.19041.1741)
Time: Mon Jul  4 16:39:43 2022 RTZ 2 (s 10 , 64 bit Build 19041 (10.0.19041.1741) elapsed time: 0.013803 seconds (0d 0h 0m 0s)

---------------  T H R E A D  ---------------

Current thread (0x0000019e0e457000):  JavaThread "Unknown thread" [_thread_in_vm, id=1824, stack(0x00000068e9900000,0x00000068e9a00000)]

Stack: [0x00000068e9900000,0x00000068e9a00000]
Native frames: (J=compiled Java code, j=interpreted, Vv=VM code, C=native code)
V  [jvm.dll+0x61612a]
V  [jvm.dll+0x79c450]
V  [jvm.dll+0x79da6d]
V  [jvm.dll+0x79e143]
V  [jvm.dll+0x24cc18]
V  [jvm.dll+0x613174]
V  [jvm.dll+0x607e55]
V  [jvm.dll+0x30b1cb]
V  [jvm.dll+0x30b13a]
V  [jvm.dll+0x30b012]
V  [jvm.dll+0x30ff76]
V  [jvm.dll+0x35b4c3]
V  [jvm.dll+0x35bbc6]
V  [jvm.dll+0x35b5c3]
V  [jvm.dll+0x2e5918]
V  [jvm.dll+0x2e6ab7]
V  [jvm.dll+0x7794f7]
V  [jvm.dll+0x77acec]
V  [jvm.dll+0x368a59]
V  [jvm.dll+0x75ce8e]
V  [jvm.dll+0x3d6a33]
V  [jvm.dll+0x3d9001]
C  [jli.dll+0x536b]
C  [ucrtbase.dll+0x21bb2]
C  [KERNEL32.DLL+0x17034]
C  [ntdll.dll+0x52651]


---------------  P R O C E S S  ---------------

Threads class SMR info:
_java_thread_list=0x0000019e0ca90a20, length=0, elements={
}

Java Threads: ( => current thread )

Other Threads:
  0x0000019e0e470800 GCTaskThread "GC Thread#0" [stack: 0x00000068e9a00000,0x00000068e9b00000] [id=6308]
  0x0000019e0e487800 ConcurrentGCThread "G1 Main Marker" [stack: 0x00000068e9b00000,0x00000068e9c00000] [id=9292]
  0x0000019e0e489800 ConcurrentGCThread "G1 Conc#0" [stack: 0x00000068e9c00000,0x00000068e9d00000] [id=4712]

[error occurred during error reporting (printing all threads), id 0xc0000005, EXCEPTION_ACCESS_VIOLATION (0xc0000005) at pc=0x00007ffcc91f6017]

VM state:not at safepoint (not fully initialized)

VM Mutex/Monitor currently owned by a thread:  ([mutex/lock_event])
[0x0000019e0e452d50] Heap_lock - owner thread: 0x0000019e0e457000

Heap address: 0x00000000d1200000, size: 750 MB, Compressed Oops mode: Non-zero based: 0x00000000d1200000
Narrow klass base: 0x0000000000000000, Narrow klass shift: 0

GC Heap History (0 events):
No events

Deoptimization events (0 events):
No events

Classes redefined (0 events):
No events

Internal exceptions (0 events):
No events

Events (1 events):
Event: 0.008 Loaded shared library C:\Program Files\JetBrains\PhpStorm 2022.1.3\jbr\bin\zip.dll


Dynamic libraries:
0x00007ff76be10000 - 0x00007ff76be1a000 	C:\Program Files\JetBrains\PhpStorm 2022.1.3\jbr\bin\java.exe
0x00007ffd20cb0000 - 0x00007ffd20ea7000 	C:\WINDOWS\SYSTEM32\ntdll.dll
0x00007ffd20900000 - 0x00007ffd209bd000 	C:\WINDOWS\System32\KERNEL32.DLL
0x00007ffd1e8a0000 - 0x00007ffd1eb6d000 	C:\WINDOWS\System32\KERNELBASE.dll
0x00007ffd1e3d0000 - 0x00007ffd1e4d0000 	C:\WINDOWS\System32\ucrtbase.dll
0x00007ffd12dd0000 - 0x00007ffd12de6000 	C:\Program Files\JetBrains\PhpStorm 2022.1.3\jbr\bin\VCRUNTIME140.dll
0x00007ffd174a0000 - 0x00007ffd174b9000 	C:\Program Files\JetBrains\PhpStorm 2022.1.3\jbr\bin\jli.dll
0x00007ffd203c0000 - 0x00007ffd20560000 	C:\WINDOWS\System32\USER32.dll
0x00007ffd01b00000 - 0x00007ffd01d9a000 	C:\WINDOWS\WinSxS\amd64_microsoft.windows.common-controls_6595b64144ccf1df_6.0.19041.1110_none_60b5254171f9507e\COMCTL32.dll
0x00007ffd1e570000 - 0x00007ffd1e592000 	C:\WINDOWS\System32\win32u.dll
0x00007ffd1f7f0000 - 0x00007ffd1f88e000 	C:\WINDOWS\System32\msvcrt.dll
0x00007ffd207c0000 - 0x00007ffd207ea000 	C:\WINDOWS\System32\GDI32.dll
0x00007ffd1eb70000 - 0x00007ffd1ec7b000 	C:\WINDOWS\System32\gdi32full.dll
0x00007ffd1e4d0000 - 0x00007ffd1e56d000 	C:\WINDOWS\System32\msvcp_win.dll
0x00007ffd1ee50000 - 0x00007ffd1ee80000 	C:\WINDOWS\System32\IMM32.DLL
0x00007ffd173d0000 - 0x00007ffd1747a000 	C:\Program Files\JetBrains\PhpStorm 2022.1.3\jbr\bin\msvcp140.dll
0x00007ffcc8f00000 - 0x00007ffcc9a7b000 	C:\Program Files\JetBrains\PhpStorm 2022.1.3\jbr\bin\server\jvm.dll
0x00007ffd20180000 - 0x00007ffd2022e000 	C:\WINDOWS\System32\ADVAPI32.dll
0x00007ffd1f890000 - 0x00007ffd1f92c000 	C:\WINDOWS\System32\sechost.dll
0x00007ffd1ef00000 - 0x00007ffd1f025000 	C:\WINDOWS\System32\RPCRT4.dll
0x00007ffd1f090000 - 0x00007ffd1f098000 	C:\WINDOWS\System32\PSAPI.DLL
0x00007ffd135b0000 - 0x00007ffd135b9000 	C:\WINDOWS\SYSTEM32\WSOCK32.dll
0x00007ffd1f930000 - 0x00007ffd1f99b000 	C:\WINDOWS\System32\WS2_32.dll
0x00007ffd163b0000 - 0x00007ffd163d7000 	C:\WINDOWS\SYSTEM32\WINMM.dll
0x00007ffd18a60000 - 0x00007ffd18a6a000 	C:\WINDOWS\SYSTEM32\VERSION.dll
0x00007ffd1c2b0000 - 0x00007ffd1c2c2000 	C:\WINDOWS\SYSTEM32\kernel.appcore.dll
0x00007ffd12db0000 - 0x00007ffd12dc1000 	C:\Program Files\JetBrains\PhpStorm 2022.1.3\jbr\bin\verify.dll
0x00007ffd16a60000 - 0x00007ffd16c44000 	C:\WINDOWS\SYSTEM32\DBGHELP.DLL
0x00007ffd0da30000 - 0x00007ffd0da5c000 	C:\WINDOWS\SYSTEM32\dbgcore.DLL
0x00007ffd1ec80000 - 0x00007ffd1ed02000 	C:\WINDOWS\System32\bcryptPrimitives.dll
0x00007ffd12d80000 - 0x00007ffd12da9000 	C:\Program Files\JetBrains\PhpStorm 2022.1.3\jbr\bin\java.dll
0x00007ffd12d70000 - 0x00007ffd12d7b000 	C:\Program Files\JetBrains\PhpStorm 2022.1.3\jbr\bin\jimage.dll
0x00007ffd12d50000 - 0x00007ffd12d69000 	C:\Program Files\JetBrains\PhpStorm 2022.1.3\jbr\bin\zip.dll

dbghelp: loaded successfully - version: 4.0.5 - missing functions: none
symbol engine: initialized successfully - sym options: 0x614 - pdb path: .;C:\Program Files\JetBrains\PhpStorm 2022.1.3\jbr\bin;C:\WINDOWS\SYSTEM32;C:\WINDOWS\WinSxS\amd64_microsoft.windows.common-controls_6595b64144ccf1df_6.0.19041.1110_none_60b5254171f9507e;C:\Program Files\JetBrains\PhpStorm 2022.1.3\jbr\bin\server

VM Arguments:
jvm_args: -Djava.rmi.server.hostname=127.0.0.1 -Duser.timezone=UTC -Xmx750m -Xms128m -Dfile.encoding=UTF-8 
java_command: com.intellij.database.remote.RemoteJdbcServer com.mysql.cj.jdbc.Driver
java_class_path (initial): C:\Program Files\JetBrains\PhpStorm 2022.1.3\lib\util_rt.jar;C:\Program Files\JetBrains\PhpStorm 2022.1.3\lib\util.jar;C:\Program Files\JetBrains\PhpStorm 2022.1.3\lib\groovy.jar;C:\Program Files\JetBrains\PhpStorm 2022.1.3\plugins\DatabaseTools\lib\jdbc-console.jar;C:\Users\Пользователь\AppData\Roaming\JetBrains\PhpStorm2022.1\jdbc-drivers\MySQL ConnectorJ\8.0.25\mysql-connector-java-8.0.25.jar
Launcher Type: SUN_STANDARD

[Global flags]
     intx CICompilerCount                          = 3                                         {product} {ergonomic}
     uint ConcGCThreads                            = 1                                         {product} {ergonomic}
     uint G1ConcRefinementThreads                  = 4                                         {product} {ergonomic}
   size_t G1HeapRegionSize                         = 1048576                                   {product} {ergonomic}
    uintx GCDrainStackTargetSize                   = 64                                        {product} {ergonomic}
   size_t InitialHeapSize                          = 134217728                                 {product} {command line}
   size_t MarkStackSize                            = 4194304                                   {product} {ergonomic}
   size_t MaxHeapSize                              = 786432000                                 {product} {command line}
   size_t MinHeapDeltaBytes                        = 1048576                                   {product} {ergonomic}
    uintx NonNMethodCodeHeapSize                   = 5830732                                {pd product} {ergonomic}
    uintx NonProfiledCodeHeapSize                  = 122913754                              {pd product} {ergonomic}
    uintx ProfiledCodeHeapSize                     = 122913754                              {pd product} {ergonomic}
    uintx ReservedCodeCacheSize                    = 251658240                              {pd product} {ergonomic}
     bool SegmentedCodeCache                       = true                                      {product} {ergonomic}
     bool UseCompressedClassPointers               = true                                 {lp64_product} {ergonomic}
     bool UseCompressedOops                        = true                                 {lp64_product} {ergonomic}
     bool UseG1GC                                  = true                                      {product} {ergonomic}
     bool UseLargePagesIndividualAllocation        = false                                  {pd product} {ergonomic}

Logging:
Log output configuration:
 #0: stdout all=warning uptime,level,tags
 #1: stderr all=off uptime,level,tags

Environment Variables:
PATH=C:\WINDOWS\system32;C:\WINDOWS;C:\WINDOWS\System32\Wbem;C:\WINDOWS\System32\WindowsPowerShell\v1.0\;C:\WINDOWS\System32\OpenSSH\;C:\Program Files\Docker\Docker\resources\bin;C:\ProgramData\DockerDesktop\version-bin;C:\Program Files\Git\cmd;C:\Users\Пользователь\AppData\Local\Microsoft\WindowsApps;C:\Program Files\JetBrains\PhpStorm 2022.1.3\bin;;C:\Users\Пользователь\AppData\Local\GitHubDesktop\bin
USERNAME=Пользователь
OS=Windows_NT
PROCESSOR_IDENTIFIER=AMD64 Family 23 Model 24 Stepping 1, AuthenticAMD



---------------  S Y S T E M  ---------------

OS: Windows 10 , 64 bit Build 19041 (10.0.19041.1741)
OS uptime: 2 days 4:37 hours
Hyper-V role detected

CPU:total 4 (initial active 4) (4 cores per cpu, 2 threads per core) family 23 model 24 stepping 1 microcode 0x0, cmov, cx8, fxsr, mmx, sse, sse2, sse3, ssse3, sse4.1, sse4.2, popcnt, avx, avx2, aes, clmul, mmxext, 3dnowpref, lzcnt, sse4a, ht, tsc, tscinvbit, tscinv, bmi1, bmi2, adx, sha, fma

Memory: 4k page, system-wide physical 6077M (324M free)
TotalPageFile size 8125M (AvailPageFile size 46M)
current process WorkingSet (physical memory assigned to process): 9M, peak: 9M
current process commit charge ("private bytes"): 51M, peak: 179M

vm_info: OpenJDK 64-Bit Server VM (11.0.15+10-b2043.56) for windows-amd64 JRE (11.0.15+10-b2043.56), built on May 16 2022 02:28:12 by "" with MS VC++ 14.0 (VS2015)

END.
